2024-06-11 14:41:01 - __main__ - INFO - 
+---------+--------------------+--------------------+---------------------+
| Comb. # |        Mean        |      Variance      |    Half-Interval    |
+---------+--------------------+--------------------+---------------------+
|    0    | 5.5683890577507595 | 4.233236142371681  | 0.3525717305440105  |
|    1    | 5.005632040050062  | 3.122966664157689  | 0.30282722289671277 |
|    2    | 6.431968532093689  | 3.2588174839559145 | 0.30934368770205034 |
|    3    | 5.877525478276417  | 2.4012390373404804 | 0.26553938018142476 |
+---------+--------------------+--------------------+---------------------+
2024-06-11 14:41:01 - __main__ - INFO - 
+---------+-----------------------+---------------------+
| Comb. # |         Mean          |    Half-Interval    |
+---------+-----------------------+---------------------+
| E(e_s)  | 0.0041569819417128315 | 0.20193868659738665 |
| E(e_d)  |  0.8677364562846416   | 0.10639085512288736 |
| E(e_sd) | 0.0041569819417128315 | 0.09354817134709498 |
+---------+-----------------------+---------------------+
2024-06-11 14:41:01 - __main__ - INFO - 
+---------+-------------------+--------------------+--------------------+
| Comb. # |       Mean        |      Variance      |   Half-Interval    |
+---------+-------------------+--------------------+--------------------+
|    0    |  6.4010370105489  | 4.263840495219445  | 0.3538439012145272 |
|    1    | 5.155015197568389 | 3.1524649586912967 | 0.3042540539346869 |
|    2    | 6.728231718219202 | 4.316523654154625  | 0.356023202306084  |
|    3    | 5.495261934561058 | 2.931033223172591  | 0.2933739918616642 |
+---------+-------------------+--------------------+--------------------+
2024-06-11 14:41:01 - __main__ - INFO - 
+---------+----------------------+---------------------+
| Comb. # |         Mean         |    Half-Interval    |
+---------+----------------------+---------------------+
| E(e_s)  | 0.006526014661183606 | 0.2299170503417146  |
| E(e_d)  |  0.3337207223314858  | 0.09221198713360391 |
| E(e_sd) | 0.006526014661183606 | 0.07552677196193938 |
+---------+----------------------+---------------------+
